<?xml version="1.0" encoding="UTF-8"?>
<testng-results ignored="0" total="1" passed="1" failed="0" skipped="0">
  <reporter-output>
  </reporter-output>
  <suite started-at="2024-07-17T00:01:34 IST" name="Default suite" finished-at="2024-07-17T00:01:37 IST" duration-ms="2346">
    <groups>
    </groups>
    <test started-at="2024-07-17T00:01:34 IST" name="Default test" finished-at="2024-07-17T00:01:37 IST" duration-ms="2346">
      <class name="mapAPI.AddPlace">
        <test-method signature="addPlace()[pri:0, instance:mapAPI.AddPlace@696da30b]" started-at="2024-07-17T00:01:34 IST" name="addPlace" finished-at="2024-07-17T00:01:37 IST" duration-ms="2305" status="PASS">
          <reporter-output>
          </reporter-output>
        </test-method> <!-- addPlace -->
      </class> <!-- mapAPI.AddPlace -->
    </test> <!-- Default test -->
  </suite> <!-- Default suite -->
</testng-results>
